<?xml version="1.0" encoding="UTF-8"?>
<testsuite name="IntroLabTest" tests="2" skipped="0" failures="0" errors="0" timestamp="2022-09-12T21:50:40" hostname="LAPTOP-QS04BJP0" time="0.034">
  <properties/>
  <testcase name="testgorospd" classname="IntroLabTest" time="0.028"/>
  <testcase name="testExampleStudent" classname="IntroLabTest" time="0.005"/>
  <system-out><![CDATA[]]></system-out>
  <system-err><![CDATA[]]></system-err>
</testsuite>
