<?xml version="1.0" encoding="UTF-8"?>
<testsuite name="IntroLabTest" tests="1" skipped="0" failures="0" errors="0" timestamp="2022-09-12T23:33:18" hostname="Raiyans-MacBook-Pro.local" time="0.011">
  <properties/>
  <testcase name="testraiyan" classname="IntroLabTest" time="0.011"/>
  <system-out><![CDATA[]]></system-out>
  <system-err><![CDATA[]]></system-err>
</testsuite>
