<?xml version="1.0" encoding="UTF-8"?>
<testsuite name="IntroLabTest" tests="1" skipped="0" failures="0" errors="0" timestamp="2022-09-12T20:59:31" hostname="Tahas-MacBook-Pro.local" time="0.019">
  <properties/>
  <testcase name="testpirachat" classname="IntroLabTest" time="0.019"/>
  <system-out><![CDATA[]]></system-out>
  <system-err><![CDATA[]]></system-err>
</testsuite>
