<?xml version="1.0" encoding="UTF-8"?>
<testsuite name="IntroLabTest" tests="2" skipped="0" failures="0" errors="0" timestamp="2022-09-12T22:23:44" hostname="LAPTOP-557584U7" time="0.076">
  <properties/>
  <testcase name="testExampleMayushan" classname="IntroLabTest" time="0.066"/>
  <testcase name="testExampleStudent" classname="IntroLabTest" time="0.009"/>
  <system-out><![CDATA[]]></system-out>
  <system-err><![CDATA[]]></system-err>
</testsuite>
