<?xml version="1.0" encoding="UTF-8"?>
<testsuite name="IntroLabTest" tests="1" skipped="0" failures="0" errors="0" timestamp="2022-09-12T21:52:59" hostname="brysons-MacBook-Air.local" time="0.025">
  <properties/>
  <testcase name="testlobryson" classname="IntroLabTest" time="0.025"/>
  <system-out><![CDATA[]]></system-out>
  <system-err><![CDATA[]]></system-err>
</testsuite>
