<?xml version="1.0" encoding="UTF-8"?>
<testsuite name="IntroLabTest" tests="1" skipped="0" failures="0" errors="0" timestamp="2022-09-12T19:26:55" hostname="TABLET-Q26HHI4A" time="0.072">
  <properties/>
  <testcase name="testExampleStudent" classname="IntroLabTest" time="0.072"/>
  <system-out><![CDATA[]]></system-out>
  <system-err><![CDATA[]]></system-err>
</testsuite>
