<?xml version="1.0" encoding="UTF-8"?>
<testsuite name="IntroLabTest" tests="2" skipped="0" failures="0" errors="0" timestamp="2022-09-12T18:57:10" hostname="SAMOPTER" time="0.023">
  <properties/>
  <testcase name="Message1008074771" classname="IntroLabTest" time="0.02"/>
  <testcase name="testExampleStudent" classname="IntroLabTest" time="0.002"/>
  <system-out><![CDATA[]]></system-out>
  <system-err><![CDATA[]]></system-err>
</testsuite>
