<?xml version="1.0" encoding="UTF-8"?>
<testsuite name="IntroLabTest" tests="2" skipped="0" failures="0" errors="0" timestamp="2022-09-12T19:44:44" hostname="MSI" time="0.009">
  <properties/>
  <testcase name="testPerlmane" classname="IntroLabTest" time="0.008"/>
  <testcase name="testExampleStudent" classname="IntroLabTest" time="0.0"/>
  <system-out><![CDATA[]]></system-out>
  <system-err><![CDATA[]]></system-err>
</testsuite>
