<?xml version="1.0" encoding="UTF-8"?>
<testsuite name="IntroLabTest" tests="2" skipped="0" failures="0" errors="0" timestamp="2022-09-18T19:59:33" hostname="Zachs-MacBook-Pro.local" time="0.026">
  <properties/>
  <testcase name="testExampleZachDang" classname="IntroLabTest" time="0.024"/>
  <testcase name="testExampleStudent" classname="IntroLabTest" time="0.002"/>
  <system-out><![CDATA[]]></system-out>
  <system-err><![CDATA[]]></system-err>
</testsuite>
