<?xml version="1.0" encoding="UTF-8"?>
<testsuite name="IntroLabTest" tests="2" skipped="0" failures="0" errors="0" timestamp="2022-09-19T21:52:20" hostname="cuizezhoudeMacBook-Pro.local" time="0.068">
  <properties/>
  <testcase name="testCuizezho" classname="IntroLabTest" time="0.067"/>
  <testcase name="testExampleStudent" classname="IntroLabTest" time="0.001"/>
  <system-out><![CDATA[]]></system-out>
  <system-err><![CDATA[]]></system-err>
</testsuite>
