<?xml version="1.0" encoding="UTF-8"?>
<testsuite name="IntroLabTest" tests="1" skipped="0" failures="0" errors="0" timestamp="2022-09-12T19:08:11" hostname="CHLOE-LAPTOP" time="0.01">
  <properties/>
  <testcase name="testExampleStudent" classname="IntroLabTest" time="0.01"/>
  <system-out><![CDATA[]]></system-out>
  <system-err><![CDATA[]]></system-err>
</testsuite>
