<?xml version="1.0" encoding="UTF-8"?>
<testsuite name="IntroLabTest" tests="2" skipped="0" failures="0" errors="0" timestamp="2022-09-12T20:55:01" hostname="DESKTOP-JK8HLM9" time="0.028">
  <properties/>
  <testcase name="testExampleStudent" classname="IntroLabTest" time="0.026"/>
  <testcase name="testliusamu1" classname="IntroLabTest" time="0.002"/>
  <system-out><![CDATA[]]></system-out>
  <system-err><![CDATA[]]></system-err>
</testsuite>
