<?xml version="1.0" encoding="UTF-8"?>
<testsuite name="IntroLabTest" tests="1" skipped="0" failures="0" errors="0" timestamp="2022-09-12T19:13:48" hostname="Faizaans-MacBook-Pro.local" time="0.02">
  <properties/>
  <testcase name="testbhematfa" classname="IntroLabTest" time="0.02"/>
  <system-out><![CDATA[]]></system-out>
  <system-err><![CDATA[]]></system-err>
</testsuite>
