<?xml version="1.0" encoding="UTF-8"?>
<testsuite name="IntroLabTest" tests="2" skipped="0" failures="0" errors="0" timestamp="2022-09-12T19:05:45" hostname="Erkhjins-MacBook-Pro.local" time="0.03">
  <properties/>
  <testcase name="testoyunbaa1" classname="IntroLabTest" time="0.02"/>
  <testcase name="testExampleStudent" classname="IntroLabTest" time="0.007"/>
  <system-out><![CDATA[]]></system-out>
  <system-err><![CDATA[]]></system-err>
</testsuite>
