<?xml version="1.0" encoding="UTF-8"?>
<testsuite name="IntroLabTest" tests="2" skipped="0" failures="0" errors="0" timestamp="2022-09-18T15:51:21" hostname="LAPTOP-DUAFI46P" time="0.047">
  <properties/>
  <testcase name="yazdan46" classname="IntroLabTest" time="0.037"/>
  <testcase name="testExampleStudent" classname="IntroLabTest" time="0.01"/>
  <system-out><![CDATA[]]></system-out>
  <system-err><![CDATA[]]></system-err>
</testsuite>
